0 info it worked if it ends with ok
1 verbose cli [ '/Users/marcelo.pereira/.nvm/versions/node/v4.0.0/bin/node',
1 verbose cli   '/Users/marcelo.pereira/.nvm/versions/node/v4.0.0/bin/npm',
1 verbose cli   'run',
1 verbose cli   'lint:jscs' ]
2 info using npm@2.14.2
3 info using node@v4.0.0
4 verbose run-script [ 'prelint:jscs', 'lint:jscs', 'postlint:jscs' ]
5 info prelint:jscs sui-flex-dice@0.0.0
6 info lint:jscs sui-flex-dice@0.0.0
7 verbose unsafe-perm in lifecycle true
8 info sui-flex-dice@0.0.0 Failed to exec lint:jscs script
9 verbose stack Error: sui-flex-dice@0.0.0 lint:jscs: `cat ./{src,test}/**/*.{js,jsx} | jscs`
9 verbose stack Exit status 1
9 verbose stack     at EventEmitter.<anonymous> (/Users/marcelo.pereira/.nvm/versions/node/v4.0.0/lib/node_modules/npm/lib/utils/lifecycle.js:214:16)
9 verbose stack     at emitTwo (events.js:87:13)
9 verbose stack     at EventEmitter.emit (events.js:172:7)
9 verbose stack     at ChildProcess.<anonymous> (/Users/marcelo.pereira/.nvm/versions/node/v4.0.0/lib/node_modules/npm/lib/utils/spawn.js:24:14)
9 verbose stack     at emitTwo (events.js:87:13)
9 verbose stack     at ChildProcess.emit (events.js:172:7)
9 verbose stack     at maybeClose (internal/child_process.js:817:16)
9 verbose stack     at Process.ChildProcess._handle.onexit (internal/child_process.js:211:5)
10 verbose pkgid sui-flex-dice@0.0.0
11 verbose cwd /Users/marcelo.pereira/Desktop/workshop-dice-react
12 error Darwin 14.5.0
13 error argv "/Users/marcelo.pereira/.nvm/versions/node/v4.0.0/bin/node" "/Users/marcelo.pereira/.nvm/versions/node/v4.0.0/bin/npm" "run" "lint:jscs"
14 error node v4.0.0
15 error npm  v2.14.2
16 error code ELIFECYCLE
17 error sui-flex-dice@0.0.0 lint:jscs: `cat ./{src,test}/**/*.{js,jsx} | jscs`
17 error Exit status 1
18 error Failed at the sui-flex-dice@0.0.0 lint:jscs script 'cat ./{src,test}/**/*.{js,jsx} | jscs'.
18 error This is most likely a problem with the sui-flex-dice package,
18 error not with npm itself.
18 error Tell the author that this fails on your system:
18 error     cat ./{src,test}/**/*.{js,jsx} | jscs
18 error You can get their info via:
18 error     npm owner ls sui-flex-dice
18 error There is likely additional logging output above.
19 verbose exit [ 1, true ]
